Building DAG of jobs...
Using shell: /usr/bin/bash
Provided cores: 1 (use --cores to define parallelism)
Rules claiming more threads will be scaled down.
Job stats:
job        count
-------  -------
all            1
goodbye        1
hello          1
total          3

Select jobs to execute...

[Wed Jun 25 00:41:30 2025]
rule goodbye:
    output: goodbye.txt
    jobid: 2
    reason: Missing output files: goodbye.txt
    resources: tmpdir=/tmp

[Wed Jun 25 00:41:30 2025]
Finished job 2.
1 of 3 steps (33%) done
Select jobs to execute...

[Wed Jun 25 00:41:30 2025]
rule hello:
    output: hello.txt
    jobid: 1
    reason: Missing output files: hello.txt
    resources: tmpdir=/tmp

[Wed Jun 25 00:41:30 2025]
Finished job 1.
2 of 3 steps (67%) done
Select jobs to execute...

[Wed Jun 25 00:41:30 2025]
localrule all:
    input: hello.txt, goodbye.txt
    jobid: 0
    reason: Input files updated by another job: goodbye.txt, hello.txt
    resources: tmpdir=/tmp

[Wed Jun 25 00:41:30 2025]
Finished job 0.
3 of 3 steps (100%) done
Complete log: .snakemake/log/2025-06-25T004130.371786.snakemake.log
